<?xml version="1.0" encoding="UTF-8"?>
<!-- Generated by org.testng.reporters.JUnitReportReporter -->
<testsuite hostname="viper024" failures="0" tests="2" name="org.example.RESTAPITest" time="0.002" errors="0" timestamp="2022-05-12T14:46:56 IST" skipped="0">
  <testcase classname="org.example.RESTAPITest" name="API" time="0.001"/>
  <system-out/>
  <testcase classname="org.example.RESTAPITest" name="RestAPI" time="0.001"/>
  <system-out/>
</testsuite> <!-- org.example.RESTAPITest -->
