<?xml version="1.0" encoding="UTF-8"?>
<!-- Generated by org.testng.reporters.JUnitReportReporter -->
<testsuite hostname="viper024" failures="0" tests="2" name="org.example.SeleniumTest" time="0.001" errors="0" timestamp="2022-05-12T14:46:56 IST" skipped="0">
  <testcase classname="org.example.SeleniumTest" name="selenium2" time="0.000"/>
  <system-out/>
  <testcase classname="org.example.SeleniumTest" name="selenium1" time="0.001"/>
  <system-out/>
</testsuite> <!-- org.example.SeleniumTest -->
