<?xml version="1.0" encoding="UTF-8"?>
<!-- Generated by org.testng.reporters.JUnitReportReporter -->
<testsuite hostname="viper024" failures="0" tests="2" name="org.example.AppiumTest" time="0.012" errors="0" timestamp="2022-05-12T14:46:56 IST" skipped="0">
  <testcase classname="org.example.AppiumTest" name="appium2" time="0.001"/>
  <system-out/>
  <testcase classname="org.example.AppiumTest" name="appium1" time="0.011"/>
  <system-out/>
</testsuite> <!-- org.example.AppiumTest -->
